<?xml version="1.0" encoding="UTF-8"?>
<testsuites name="jest tests" tests="1109" failures="0" errors="0" time="55.928">
  <testsuite name="undefined" errors="0" failures="0" skipped="0" timestamp="2025-02-18T18:40:45" time="0.604" tests="1">
    <testcase classname=" returns credential from plugin" name=" returns credential from plugin" time="0.007">
    </testcase>
  </testsuite>
  <testsuite name="validateversion without bootstrap stack" errors="0" failures="0" skipped="0" timestamp="2025-02-18T18:40:45" time="2.535" tests="6">
    <testcase classname="validateversion without bootstrap stack validating version with access denied error gives upgrade hint" name="validateversion without bootstrap stack validating version with access denied error gives upgrade hint" time="0.024">
    </testcase>
    <testcase classname="validateversion without bootstrap stack validating version without explicit SSM parameter fails" name="validateversion without bootstrap stack validating version without explicit SSM parameter fails" time="0.003">
    </testcase>
    <testcase classname="validateversion without bootstrap stack validating version with missing parameter gives bootstrap hint" name="validateversion without bootstrap stack validating version with missing parameter gives bootstrap hint" time="0.002">
    </testcase>
    <testcase classname="validateversion without bootstrap stack validating version with explicit SSM parameter succeeds" name="validateversion without bootstrap stack validating version with explicit SSM parameter succeeds" time="0.003">
    </testcase>
    <testcase classname=" failure to read SSM parameter results in upgrade message for existing bootstrap stack under v5" name=" failure to read SSM parameter results in upgrade message for existing bootstrap stack under v5" time="0.002">
    </testcase>
    <testcase classname=" failure to read SSM parameter results in exception passthrough for existing bootstrap stack v5 or higher" name=" failure to read SSM parameter results in exception passthrough for existing bootstrap stack v5 or higher" time="0.005">
    </testcase>
  </testsuite>
  <testsuite name="undefined" errors="0" failures="0" skipped="0" timestamp="2025-02-18T18:40:45" time="2.832" tests="13">
    <testcase classname=" even if the bootstrap stack failed to create, can still retry bootstrapping it" name=" even if the bootstrap stack failed to create, can still retry bootstrapping it" time="0.044">
    </testcase>
    <testcase classname=" do bootstrap" name=" do bootstrap" time="0.037">
    </testcase>
    <testcase classname=" do bootstrap using custom bucket name" name=" do bootstrap using custom bucket name" time="0.028">
    </testcase>
    <testcase classname=" passing trusted accounts to the old bootstrapping results in an error" name=" passing trusted accounts to the old bootstrapping results in an error" time="0.026">
    </testcase>
    <testcase classname=" even if the bootstrap stack is in a rollback state, can still retry bootstrapping it" name=" even if the bootstrap stack is in a rollback state, can still retry bootstrapping it" time="0.015">
    </testcase>
    <testcase classname=" stack is termination protected when set" name=" stack is termination protected when set" time="0.016">
    </testcase>
    <testcase classname=" do showTemplate JSON" name=" do showTemplate JSON" time="0.007">
    </testcase>
    <testcase classname=" do bootstrap with custom tags for toolkit stack" name=" do bootstrap with custom tags for toolkit stack" time="0.017">
    </testcase>
    <testcase classname=" bootstrap disable bucket Public Access Block Configuration" name=" bootstrap disable bucket Public Access Block Configuration" time="0.039">
    </testcase>
    <testcase classname=" do bootstrap using KMS CMK" name=" do bootstrap using KMS CMK" time="0.016">
    </testcase>
    <testcase classname=" passing CFN execution policies to the old bootstrapping results in an error" name=" passing CFN execution policies to the old bootstrapping results in an error" time="0.007">
    </testcase>
    <testcase classname=" do showTemplate YAML" name=" do showTemplate YAML" time="0.008">
    </testcase>
    <testcase classname=" stack is not termination protected by default" name=" stack is not termination protected by default" time="0.02">
    </testcase>
  </testsuite>
  <testsuite name="Bootstrapping v2" errors="0" failures="0" skipped="0" timestamp="2025-02-18T18:40:45" time="3.638" tests="31">
    <testcase classname="Bootstrapping v2 passing no CFN managed policies without trusted accounts is okay" name="Bootstrapping v2 passing no CFN managed policies without trusted accounts is okay" time="0.145">
    </testcase>
    <testcase classname="Bootstrapping v2 passing trusted accounts without CFN managed policies results in an error" name="Bootstrapping v2 passing trusted accounts without CFN managed policies results in an error" time="0.037">
    </testcase>
    <testcase classname="Bootstrapping v2 passes value to PermissionsBoundary" name="Bootstrapping v2 passes value to PermissionsBoundary" time="0.027">
    </testcase>
    <testcase classname="Bootstrapping v2 adding permission boundary with path in policy name" name="Bootstrapping v2 adding permission boundary with path in policy name" time="0.022">
    </testcase>
    <testcase classname="Bootstrapping v2 allow adding trusted account if there was already a policy on the stack" name="Bootstrapping v2 allow adding trusted account if there was already a policy on the stack" time="0.018">
    </testcase>
    <testcase classname="Bootstrapping v2 do not allow accounts to be listed as both trusted and untrusted" name="Bootstrapping v2 do not allow accounts to be listed as both trusted and untrusted" time="0.017">
    </testcase>
    <testcase classname="Bootstrapping v2 passing trusted accounts for lookup generates the correct stack parameter" name="Bootstrapping v2 passing trusted accounts for lookup generates the correct stack parameter" time="0.02">
    </testcase>
    <testcase classname="Bootstrapping v2 passes the KMS key ID as a CFN parameter" name="Bootstrapping v2 passes the KMS key ID as a CFN parameter" time="0.039">
    </testcase>
    <testcase classname="Bootstrapping v2 KMS key (upgrading) current param &quot;arn:aws:key&quot;, createCustomerMasterKey=undefined =&gt; parameter becomes undefined " name="Bootstrapping v2 KMS key (upgrading) current param &quot;arn:aws:key&quot;, createCustomerMasterKey=undefined =&gt; parameter becomes undefined " time="0.11">
    </testcase>
    <testcase classname="Bootstrapping v2 KMS key (new stack) createCustomerMasterKey=true =&gt; parameter becomes &quot;&quot; " name="Bootstrapping v2 KMS key (new stack) createCustomerMasterKey=true =&gt; parameter becomes &quot;&quot; " time="0.023">
    </testcase>
    <testcase classname="Bootstrapping v2 KMS key (new stack) createCustomerMasterKey=false =&gt; parameter becomes &quot;AWS_MANAGED_KEY&quot; " name="Bootstrapping v2 KMS key (new stack) createCustomerMasterKey=false =&gt; parameter becomes &quot;AWS_MANAGED_KEY&quot; " time="0.021">
    </testcase>
    <testcase classname="Bootstrapping v2 KMS key (new stack) createCustomerMasterKey=undefined =&gt; parameter becomes &quot;AWS_MANAGED_KEY&quot; " name="Bootstrapping v2 KMS key (new stack) createCustomerMasterKey=undefined =&gt; parameter becomes &quot;AWS_MANAGED_KEY&quot; " time="0.02">
    </testcase>
    <testcase classname="Bootstrapping v2 KMS key (upgrading) current param undefined, createCustomerMasterKey=undefined =&gt; parameter becomes &quot;AWS_MANAGED_KEY&quot; " name="Bootstrapping v2 KMS key (upgrading) current param undefined, createCustomerMasterKey=undefined =&gt; parameter becomes &quot;AWS_MANAGED_KEY&quot; " time="0.028">
    </testcase>
    <testcase classname="Bootstrapping v2 KMS key (upgrading) current param &quot;AWS_MANAGED_KEY&quot;, createCustomerMasterKey=true =&gt; parameter becomes &quot;&quot; " name="Bootstrapping v2 KMS key (upgrading) current param &quot;AWS_MANAGED_KEY&quot;, createCustomerMasterKey=true =&gt; parameter becomes &quot;&quot; " time="0.025">
    </testcase>
    <testcase classname="Bootstrapping v2 KMS key (upgrading) current param &quot;arn:aws:key&quot;, createCustomerMasterKey=false =&gt; parameter becomes &quot;AWS_MANAGED_KEY&quot; " name="Bootstrapping v2 KMS key (upgrading) current param &quot;arn:aws:key&quot;, createCustomerMasterKey=false =&gt; parameter becomes &quot;AWS_MANAGED_KEY&quot; " time="0.028">
    </testcase>
    <testcase classname="Bootstrapping v2 passes the bucket name as a CFN parameter" name="Bootstrapping v2 passes the bucket name as a CFN parameter" time="0.023">
    </testcase>
    <testcase classname="Bootstrapping v2 termination protection stack is not termination protected by default" name="Bootstrapping v2 termination protection stack is not termination protected by default" time="0.022">
    </testcase>
    <testcase classname="Bootstrapping v2 termination protection termination protection is left alone when option is not given" name="Bootstrapping v2 termination protection termination protection is left alone when option is not given" time="0.023">
    </testcase>
    <testcase classname="Bootstrapping v2 termination protection stack is termination protected when option is set" name="Bootstrapping v2 termination protection stack is termination protected when option is set" time="0.02">
    </testcase>
    <testcase classname="Bootstrapping v2 termination protection termination protection can be switched off" name="Bootstrapping v2 termination protection termination protection can be switched off" time="0.018">
    </testcase>
    <testcase classname="Bootstrapping v2 adding new permissions boundary" name="Bootstrapping v2 adding new permissions boundary" time="0.021">
    </testcase>
    <testcase classname="Bootstrapping v2 passing trusted accounts without CFN managed policies on the existing stack results in an error" name="Bootstrapping v2 passing trusted accounts without CFN managed policies on the existing stack results in an error" time="0.014">
    </testcase>
    <testcase classname="Bootstrapping v2 removes trusted account when it is listed as untrusted" name="Bootstrapping v2 removes trusted account when it is listed as untrusted" time="0.025">
    </testcase>
    <testcase classname="Bootstrapping v2 Do not allow downgrading bootstrap stack version" name="Bootstrapping v2 Do not allow downgrading bootstrap stack version" time="0.012">
    </testcase>
    <testcase classname="Bootstrapping v2 removing existing permissions boundary" name="Bootstrapping v2 removing existing permissions boundary" time="0.021">
    </testcase>
    <testcase classname="Bootstrapping v2 permission boundary switch message does not appear" name="Bootstrapping v2 permission boundary switch message does not appear" time="0.037">
    </testcase>
    <testcase classname="Bootstrapping v2 removes trusted account for lookup when it is listed as untrusted" name="Bootstrapping v2 removes trusted account for lookup when it is listed as untrusted" time="0.015">
    </testcase>
    <testcase classname="Bootstrapping v2 passes false to PublicAccessBlockConfiguration" name="Bootstrapping v2 passes false to PublicAccessBlockConfiguration" time="0.016">
    </testcase>
    <testcase classname="Bootstrapping v2 Do not allow overwriting bootstrap stack from a different vendor" name="Bootstrapping v2 Do not allow overwriting bootstrap stack from a different vendor" time="0.012">
    </testcase>
    <testcase classname="Bootstrapping v2 bootstrap template has the right exports" name="Bootstrapping v2 bootstrap template has the right exports" time="0.018">
    </testcase>
    <testcase classname="Bootstrapping v2 passes true to PermissionsBoundary" name="Bootstrapping v2 passes true to PermissionsBoundary" time="0.024">
    </testcase>
  </testsuite>
  <testsuite name="with intercepted network calls" errors="0" failures="0" skipped="0" timestamp="2025-02-18T18:40:45" time="3.996" tests="31">
    <testcase classname="with intercepted network calls defaultAccount returns undefined, event if STS call fails with ExpiredToken" name="with intercepted network calls defaultAccount returns undefined, event if STS call fails with ExpiredToken" time="0.085">
    </testcase>
    <testcase classname="with intercepted network calls support for credential_source assume fails with unsupported credential_source" name="with intercepted network calls support for credential_source assume fails with unsupported credential_source" time="0.133">
    </testcase>
    <testcase classname="with intercepted network calls support for credential_source can assume role with ecs credentials" name="with intercepted network calls support for credential_source can assume role with ecs credentials" time="0.01">
    </testcase>
    <testcase classname="with intercepted network calls support for credential_source can assume role with env credentials" name="with intercepted network calls support for credential_source can assume role with env credentials" time="0.009">
    </testcase>
    <testcase classname="with intercepted network calls support for credential_source can assume role with ec2 credentials" name="with intercepted network calls support for credential_source can assume role with ec2 credentials" time="0.011">
    </testcase>
    <testcase classname="with intercepted network calls Plugins can assume role with credentials from plugin" name="with intercepted network calls Plugins can assume role with credentials from plugin" time="0.103">
    </testcase>
    <testcase classname="with intercepted network calls Plugins even if AssumeRole fails but current credentials are from a plugin, we will still use them" name="with intercepted network calls Plugins even if AssumeRole fails but current credentials are from a plugin, we will still use them" time="0.034">
    </testcase>
    <testcase classname="with intercepted network calls Plugins uses plugin for account 99999" name="with intercepted network calls Plugins uses plugin for account 99999" time="0.03">
    </testcase>
    <testcase classname="with intercepted network calls Plugins plugins are still queried even if current credentials are expired (or otherwise invalid)" name="with intercepted network calls Plugins plugins are still queried even if current credentials are expired (or otherwise invalid)" time="0.048">
    </testcase>
    <testcase classname="with intercepted network calls Plugins does not use plugins if current credentials are for expected account" name="with intercepted network calls Plugins does not use plugins if current credentials are for expected account" time="0.033">
    </testcase>
    <testcase classname="with intercepted network calls when CDK AssumeRoles assuming a role does not fail when OS username cannot be read" name="with intercepted network calls when CDK AssumeRoles assuming a role does not fail when OS username cannot be read" time="0.037">
    </testcase>
    <testcase classname="with intercepted network calls when CDK AssumeRoles assuming a role sanitizes the username into the session name" name="with intercepted network calls when CDK AssumeRoles assuming a role sanitizes the username into the session name" time="0.069">
    </testcase>
    <testcase classname="with intercepted network calls when CDK AssumeRoles if AssumeRole fails because of ExpiredToken, then fail completely" name="with intercepted network calls when CDK AssumeRoles if AssumeRole fails because of ExpiredToken, then fail completely" time="0.027">
    </testcase>
    <testcase classname="with intercepted network calls when CDK AssumeRoles if AssumeRole fails but current credentials are for the right account, we will still use them" name="with intercepted network calls when CDK AssumeRoles if AssumeRole fails but current credentials are for the right account, we will still use them" time="0.03">
    </testcase>
    <testcase classname="with intercepted network calls when CDK AssumeRoles session tags can be passed when assuming a role" name="with intercepted network calls when CDK AssumeRoles session tags can be passed when assuming a role" time="0.047">
    </testcase>
    <testcase classname="with intercepted network calls when CDK AssumeRoles error we get from assuming a role is useful" name="with intercepted network calls when CDK AssumeRoles error we get from assuming a role is useful" time="0.027">
    </testcase>
    <testcase classname="with intercepted network calls when CDK AssumeRoles even if current credentials are for the wrong account, we will still use them to AssumeRole" name="with intercepted network calls when CDK AssumeRoles even if current credentials are for the wrong account, we will still use them to AssumeRole" time="0.046">
    </testcase>
    <testcase classname="with intercepted network calls when CDK does not AssumeRole uses default credentials by default" name="with intercepted network calls when CDK does not AssumeRole uses default credentials by default" time="0.027">
    </testcase>
    <testcase classname="with intercepted network calls when CDK does not AssumeRole can assume role even if [default] profile is missing" name="with intercepted network calls when CDK does not AssumeRole can assume role even if [default] profile is missing" time="0.021">
    </testcase>
    <testcase classname="with intercepted network calls when CDK does not AssumeRole throws if profile credentials are not for the right account" name="with intercepted network calls when CDK does not AssumeRole throws if profile credentials are not for the right account" time="0.02">
    </testcase>
    <testcase classname="with intercepted network calls when CDK does not AssumeRole supports profile spread over config_file and credentials_file" name="with intercepted network calls when CDK does not AssumeRole supports profile spread over config_file and credentials_file" time="0.022">
    </testcase>
    <testcase classname="with intercepted network calls when CDK does not AssumeRole mfa_serial in profile will ask user for token" name="with intercepted network calls when CDK does not AssumeRole mfa_serial in profile will ask user for token" time="0.035">
    </testcase>
    <testcase classname="with intercepted network calls when CDK does not AssumeRole no base credentials partition if token is expired" name="with intercepted network calls when CDK does not AssumeRole no base credentials partition if token is expired" time="0.001">
    </testcase>
    <testcase classname="with intercepted network calls when CDK does not AssumeRole can assume-role configured in config" name="with intercepted network calls when CDK does not AssumeRole can assume-role configured in config" time="0.04">
    </testcase>
    <testcase classname="with intercepted network calls when CDK does not AssumeRole supports profile only in config_file" name="with intercepted network calls when CDK does not AssumeRole supports profile only in config_file" time="0.024">
    </testcase>
    <testcase classname="with intercepted network calls when CDK does not AssumeRole passing profile skips EnvironmentCredentials" name="with intercepted network calls when CDK does not AssumeRole passing profile skips EnvironmentCredentials" time="0.018">
    </testcase>
    <testcase classname="with intercepted network calls when CDK does not AssumeRole mfa_serial in profile will ask user for token" name="with intercepted network calls when CDK does not AssumeRole mfa_serial in profile will ask user for token" time="0.029">
    </testcase>
    <testcase classname="with intercepted network calls when CDK does not AssumeRole use profile acct/region if agnostic env requested" name="with intercepted network calls when CDK does not AssumeRole use profile acct/region if agnostic env requested" time="0.022">
    </testcase>
    <testcase classname="with intercepted network calls when CDK does not AssumeRole throws if no credentials could be found" name="with intercepted network calls when CDK does not AssumeRole throws if no credentials could be found" time="0.005">
    </testcase>
    <testcase classname="with intercepted network calls defaultAccount returns undefined if STS call fails" name="with intercepted network calls defaultAccount returns undefined if STS call fails" time="0.003">
    </testcase>
    <testcase classname=" default useragent is reasonable" name=" default useragent is reasonable" time="0.001">
    </testcase>
  </testsuite>
  <testsuite name="CloudFormation API calls" errors="0" failures="0" skipped="0" timestamp="2025-02-18T18:40:49" time="4.323" tests="27">
    <testcase classname="CloudFormation API calls parameter hashes are included" name="CloudFormation API calls parameter hashes are included" time="0.015">
    </testcase>
    <testcase classname="CloudFormation API calls bootstrap filters out other bootstrap versions" name="CloudFormation API calls bootstrap filters out other bootstrap versions" time="0.015">
    </testcase>
    <testcase classname="BackgroundStackRefresh should wait for the next refresh if called within time frame" name="BackgroundStackRefresh should wait for the next refresh if called within time frame" time="0.004">
    </testcase>
    <testcase classname="BackgroundStackRefresh should start after a delay" name="BackgroundStackRefresh should start after a delay" time="0.004">
    </testcase>
    <testcase classname="BackgroundStackRefresh should reject if the refresh takes too long" name="BackgroundStackRefresh should reject if the refresh takes too long" time="0.023">
    </testcase>
    <testcase classname="BackgroundStackRefresh should wait for the next refresh if refresh lands before the timeout" name="BackgroundStackRefresh should wait for the next refresh if refresh lands before the timeout" time="0.003">
    </testcase>
    <testcase classname="BackgroundStackRefresh should refresh stacks and schedule next refresh" name="BackgroundStackRefresh should refresh stacks and schedule next refresh" time="0.006">
    </testcase>
    <testcase classname="ProgressPrinter throws if start is called twice without stop" name="ProgressPrinter throws if start is called twice without stop" time="0.011">
    </testcase>
    <testcase classname="ECR Garbage Collection listImagesCommand returns nextToken" name="ECR Garbage Collection listImagesCommand returns nextToken" time="0.01">
    </testcase>
    <testcase classname="ECR Garbage Collection action = tag -- does not delete" name="ECR Garbage Collection action = tag -- does not delete" time="0.005">
    </testcase>
    <testcase classname="ECR Garbage Collection rollbackBufferDays = 0 -- assets to be deleted" name="ECR Garbage Collection rollbackBufferDays = 0 -- assets to be deleted" time="0.009">
    </testcase>
    <testcase classname="ECR Garbage Collection ignore images that are modified after gc start" name="ECR Garbage Collection ignore images that are modified after gc start" time="0.006">
    </testcase>
    <testcase classname="ECR Garbage Collection rollbackBufferDays &gt; 0 -- assets to be tagged" name="ECR Garbage Collection rollbackBufferDays &gt; 0 -- assets to be tagged" time="0.006">
    </testcase>
    <testcase classname="ECR Garbage Collection createdAtBufferDays &gt; 0" name="ECR Garbage Collection createdAtBufferDays &gt; 0" time="0.007">
    </testcase>
    <testcase classname="ECR Garbage Collection tags are unique" name="ECR Garbage Collection tags are unique" time="0.005">
    </testcase>
    <testcase classname="ECR Garbage Collection action = delete-tagged -- does not tag" name="ECR Garbage Collection action = delete-tagged -- does not tag" time="0.004">
    </testcase>
    <testcase classname="ECR Garbage Collection action = print -- does not tag or delete" name="ECR Garbage Collection action = print -- does not tag or delete" time="0.003">
    </testcase>
    <testcase classname="ECR Garbage Collection succeeds when no images are present" name="ECR Garbage Collection succeeds when no images are present" time="0.004">
    </testcase>
    <testcase classname="Garbage Collection with large # of objects tag only" name="Garbage Collection with large # of objects tag only" time="2.099">
    </testcase>
    <testcase classname="Garbage Collection with large # of objects delete-tagged only" name="Garbage Collection with large # of objects delete-tagged only" time="1.232">
    </testcase>
    <testcase classname="S3 Garbage Collection rollbackBufferDays &gt; 0 -- assets to be tagged" name="S3 Garbage Collection rollbackBufferDays &gt; 0 -- assets to be tagged" time="0.004">
    </testcase>
    <testcase classname="S3 Garbage Collection action = tag -- does not delete" name="S3 Garbage Collection action = tag -- does not delete" time="0.003">
    </testcase>
    <testcase classname="S3 Garbage Collection ignore objects that are modified after gc start" name="S3 Garbage Collection ignore objects that are modified after gc start" time="0.003">
    </testcase>
    <testcase classname="S3 Garbage Collection rollbackBufferDays = 0 -- assets to be deleted" name="S3 Garbage Collection rollbackBufferDays = 0 -- assets to be deleted" time="0.003">
    </testcase>
    <testcase classname="S3 Garbage Collection createdAtBufferDays &gt; 0" name="S3 Garbage Collection createdAtBufferDays &gt; 0" time="0.004">
    </testcase>
    <testcase classname="S3 Garbage Collection action = print -- does not tag or delete" name="S3 Garbage Collection action = print -- does not tag or delete" time="0.005">
    </testcase>
    <testcase classname="S3 Garbage Collection action = delete-tagged -- does not tag" name="S3 Garbage Collection action = delete-tagged -- does not tag" time="0.005">
    </testcase>
  </testsuite>
  <testsuite name="undefined" errors="0" failures="0" skipped="0" timestamp="2025-02-18T18:40:49" time="4.554" tests="9">
    <testcase classname=" get(k) when cache is empty" name=" get(k) when cache is empty" time="0.021">
    </testcase>
    <testcase classname="using cache file gets cached value" name="using cache file gets cached value" time="0.014">
    </testcase>
    <testcase classname="using cache file uses the resolver when the file cannot be read" name="using cache file uses the resolver when the file cannot be read" time="0.007">
    </testcase>
    <testcase classname=" account cache does not fail when given a nonwritable directory" name=" account cache does not fail when given a nonwritable directory" time="0.006">
    </testcase>
    <testcase classname=" cache is nuked if it exceeds 1000 entries" name=" cache is nuked if it exceeds 1000 entries" time="3.432">
    </testcase>
    <testcase classname=" fetch(k, resolver) can be used to &quot;atomically&quot; get + resolve + put" name=" fetch(k, resolver) can be used to &quot;atomically&quot; get + resolve + put" time="0.004">
    </testcase>
    <testcase classname=" put(k,v) and then get(k)" name=" put(k,v) and then get(k)" time="0.006">
    </testcase>
    <testcase classname=" default account cache uses CDK_HOME" name=" default account cache uses CDK_HOME" time="0">
    </testcase>
    <testcase classname=" cache pretends to be empty if cache file does not contain JSON" name=" cache pretends to be empty if cache file does not contain JSON" time="0.006">
    </testcase>
  </testsuite>
  <testsuite name="exec verbose flag tests" errors="0" failures="0" skipped="0" timestamp="2025-02-18T18:40:48" time="6.139" tests="6">
    <testcase classname="exec verbose flag tests should set DEBUG level with single -v flag" name="exec verbose flag tests should set DEBUG level with single -v flag" time="2.019">
    </testcase>
    <testcase classname="exec verbose flag tests should set DEBUG level with --verbose=1" name="exec verbose flag tests should set DEBUG level with --verbose=1" time="2.007">
    </testcase>
    <testcase classname="exec verbose flag tests should set TRACE level with --verbose=2" name="exec verbose flag tests should set TRACE level with --verbose=2" time="1.012">
    </testcase>
    <testcase classname="exec verbose flag tests should not set log level when no verbose flag is present" name="exec verbose flag tests should not set log level when no verbose flag is present" time="0.008">
    </testcase>
    <testcase classname="exec verbose flag tests should set TRACE level with verbose level &gt; 2" name="exec verbose flag tests should set TRACE level with verbose level &gt; 2" time="0.011">
    </testcase>
    <testcase classname="exec verbose flag tests should set TRACE level with double -v flag" name="exec verbose flag tests should set TRACE level with double -v flag" time="0.005">
    </testcase>
  </testsuite>
  <testsuite name="Notices" errors="0" failures="0" skipped="0" timestamp="2025-02-18T18:40:47" time="6.584" tests="40">
    <testcase classname="Notices addBootstrapVersion deduplicates" name="Notices addBootstrapVersion deduplicates" time="0.002">
    </testcase>
    <testcase classname="Notices addBootstrapVersion can add multiple values" name="Notices addBootstrapVersion can add multiple values" time="0.008">
    </testcase>
    <testcase classname="Notices display total count when show total is true" name="Notices display total count when show total is true" time="0.001">
    </testcase>
    <testcase classname="Notices display warning" name="Notices display warning" time="0.003">
    </testcase>
    <testcase classname="Notices display deduplicates notices" name="Notices display deduplicates notices" time="0">
    </testcase>
    <testcase classname="Notices display notices envelop" name="Notices display notices envelop" time="0.001">
    </testcase>
    <testcase classname="Notices display does nothing when we shouldnt display" name="Notices display does nothing when we shouldnt display" time="0">
    </testcase>
    <testcase classname="Notices display only unacknowledged notices" name="Notices display only unacknowledged notices" time="0">
    </testcase>
    <testcase classname="Notices display can include acknowledged notices if requested" name="Notices display can include acknowledged notices if requested" time="0.004">
    </testcase>
    <testcase classname="Notices display only relevant notices" name="Notices display only relevant notices" time="0.001">
    </testcase>
    <testcase classname="Notices display nothing when there are no notices" name="Notices display nothing when there are no notices" time="0">
    </testcase>
    <testcase classname="Notices display error" name="Notices display error" time="0">
    </testcase>
    <testcase classname="Notices refresh filters out acknowledged notices by default" name="Notices refresh filters out acknowledged notices by default" time="0.001">
    </testcase>
    <testcase classname="Notices refresh clears notices if empty" name="Notices refresh clears notices if empty" time="0">
    </testcase>
    <testcase classname="Notices refresh deduplicates notices" name="Notices refresh deduplicates notices" time="0">
    </testcase>
    <testcase classname="Notices refresh preserves acknowledged notices if requested" name="Notices refresh preserves acknowledged notices if requested" time="0.001">
    </testcase>
    <testcase classname="Notices refresh doesnt throw" name="Notices refresh doesnt throw" time="0">
    </testcase>
    <testcase classname="Notices refresh does nothing when we shouldnt display" name="Notices refresh does nothing when we shouldnt display" time="0.001">
    </testcase>
    <testcase classname="FilteredNotice format resolves dynamic values" name="FilteredNotice format resolves dynamic values" time="0.001">
    </testcase>
    <testcase classname="FilteredNotice format multiple version ranges" name="FilteredNotice format multiple version ranges" time="0">
    </testcase>
    <testcase classname="FilteredNotice format single version range" name="FilteredNotice format single version range" time="0">
    </testcase>
    <testcase classname="NoticesFilter filter cli" name="NoticesFilter filter cli" time="0.003">
    </testcase>
    <testcase classname="NoticesFilter filter framework" name="NoticesFilter filter framework" time="0.002">
    </testcase>
    <testcase classname="NoticesFilter filter bootstrap" name="NoticesFilter filter bootstrap" time="0">
    </testcase>
    <testcase classname="NoticesFilter filter ignores invalid bootstrap versions" name="NoticesFilter filter ignores invalid bootstrap versions" time="0.001">
    </testcase>
    <testcase classname="NoticesFilter filter module" name="NoticesFilter filter module" time="0.002">
    </testcase>
    <testcase classname="CachedDataSource retrieves data from the file when the data is still valid" name="CachedDataSource retrieves data from the file when the data is still valid" time="0.013">
    </testcase>
    <testcase classname="CachedDataSource retrieves data from the delegate when the data is expired" name="CachedDataSource retrieves data from the delegate when the data is expired" time="0.01">
    </testcase>
    <testcase classname="CachedDataSource retrieves data from the delegate cache when the file is empty" name="CachedDataSource retrieves data from the delegate cache when the file is empty" time="0.009">
    </testcase>
    <testcase classname="CachedDataSource retrieves data from the delegate when the file cannot be read" name="CachedDataSource retrieves data from the delegate when the file cannot be read" time="0.006">
    </testcase>
    <testcase classname="CachedDataSource error in delegate gets turned into empty result by cached source" name="CachedDataSource error in delegate gets turned into empty result by cached source" time="0.002">
    </testcase>
    <testcase classname="CachedDataSource retrieved data from the delegate when it is configured to ignore the cache" name="CachedDataSource retrieved data from the delegate when it is configured to ignore the cache" time="0.003">
    </testcase>
    <testcase classname="WebsiteNoticeDataSource returns appropriate error when the server returns an unexpected structure" name="WebsiteNoticeDataSource returns appropriate error when the server returns an unexpected structure" time="0.035">
    </testcase>
    <testcase classname="WebsiteNoticeDataSource returns appropriate error when the request has an error" name="WebsiteNoticeDataSource returns appropriate error when the request has an error" time="0.006">
    </testcase>
    <testcase classname="WebsiteNoticeDataSource returns appropriate error when HTTPS call throws" name="WebsiteNoticeDataSource returns appropriate error when HTTPS call throws" time="0.014">
    </testcase>
    <testcase classname="WebsiteNoticeDataSource returns appropriate error when the connection stays idle for too long" name="WebsiteNoticeDataSource returns appropriate error when the connection stays idle for too long" time="3.001">
    </testcase>
    <testcase classname="WebsiteNoticeDataSource returns appropriate error when the server returns an unexpected status code" name="WebsiteNoticeDataSource returns appropriate error when the server returns an unexpected status code" time="0.01">
    </testcase>
    <testcase classname="WebsiteNoticeDataSource returns appropriate error when the server returns invalid json" name="WebsiteNoticeDataSource returns appropriate error when the server returns invalid json" time="0.005">
    </testcase>
    <testcase classname="WebsiteNoticeDataSource returns data when download succeeds" name="WebsiteNoticeDataSource returns data when download succeeds" time="0.004">
    </testcase>
    <testcase classname="WebsiteNoticeDataSource returns empty array when the request takes too long to finish" name="WebsiteNoticeDataSource returns empty array when the request takes too long to finish" time="3.001">
    </testcase>
  </testsuite>
  <testsuite name="undefined" errors="0" failures="0" skipped="0" timestamp="2025-02-18T18:40:53" time="1.628" tests="20">
    <testcase classname=" readCurrentTemplateWithNestedStacks() successfully ignores stacks without metadata" name=" readCurrentTemplateWithNestedStacks() successfully ignores stacks without metadata" time="0.019">
    </testcase>
    <testcase classname=" role with placeholders is assumed if assumerole is given" name=" role with placeholders is assumed if assumerole is given" time="0.012">
    </testcase>
    <testcase classname=" readCurrentTemplateWithNestedStacks() with a 3-level nested + sibling structure works" name=" readCurrentTemplateWithNestedStacks() with a 3-level nested + sibling structure works" time="0.019">
    </testcase>
    <testcase classname=" readCurrentTemplateWithNestedStacks() on an undeployed parent stack with an (also undeployed) nested stack works" name=" readCurrentTemplateWithNestedStacks() on an undeployed parent stack with an (also undeployed) nested stack works" time="0.013">
    </testcase>
    <testcase classname=" readCurrentTemplateWithNestedStacks() can handle non-Resources in the template" name=" readCurrentTemplateWithNestedStacks() can handle non-Resources in the template" time="0.009">
    </testcase>
    <testcase classname=" readCurrentTemplateWithNestedStacks() caches calls to listStackResources()" name=" readCurrentTemplateWithNestedStacks() caches calls to listStackResources()" time="0.008">
    </testcase>
    <testcase classname=" rollback stack allows continue rollback from UPDATE_ROLLBACK_FAILED" name=" rollback stack allows continue rollback from UPDATE_ROLLBACK_FAILED" time="0.013">
    </testcase>
    <testcase classname=" if toolkit stack be found: true but SSM parameter name is present deployment succeeds" name=" if toolkit stack be found: true but SSM parameter name is present deployment succeeds" time="0.097">
    </testcase>
    <testcase classname=" continue rollback stack with force ignores any failed resources" name=" continue rollback stack with force ignores any failed resources" time="0.008">
    </testcase>
    <testcase classname=" tags are passed along to create change set" name=" tags are passed along to create change set" time="0.005">
    </testcase>
    <testcase classname=" rollback stack allows rolling back from UPDATE_FAILED" name=" rollback stack allows rolling back from UPDATE_FAILED" time="0.011">
    </testcase>
    <testcase classname="stackExists uses lookup role if requested: false" name="stackExists uses lookup role if requested: false" time="0.012">
    </testcase>
    <testcase classname="stackExists uses lookup role if requested: true" name="stackExists uses lookup role if requested: true" time="0.008">
    </testcase>
    <testcase classname=" placeholders are substituted in CloudFormation execution role" name=" placeholders are substituted in CloudFormation execution role" time="0.013">
    </testcase>
    <testcase classname=" rollback stack assumes role if necessary" name=" rollback stack assumes role if necessary" time="0.009">
    </testcase>
    <testcase classname=" deployment fails if bootstrap stack is missing" name=" deployment fails if bootstrap stack is missing" time="0.029">
    </testcase>
    <testcase classname=" rollback stack fails in UPDATE_COMPLETE state" name=" rollback stack fails in UPDATE_COMPLETE state" time="0.008">
    </testcase>
    <testcase classname=" if toolkit stack be found: false but SSM parameter name is present deployment succeeds" name=" if toolkit stack be found: false but SSM parameter name is present deployment succeeds" time="0.015">
    </testcase>
    <testcase classname=" deployment fails if bootstrap stack is too old" name=" deployment fails if bootstrap stack is too old" time="0.017">
    </testcase>
    <testcase classname=" passes through hotswap=true to deployStack()" name=" passes through hotswap=true to deployStack()" time="0.007">
    </testcase>
  </testsuite>
  <testsuite name="&quot;fall-back&quot; mode" errors="0" failures="0" skipped="0" timestamp="2025-02-18T18:40:45" time="9.698" tests="50">
    <testcase classname="&quot;fall-back&quot; mode when it receives a change that is not a mapping template difference in a Function, it does not call the updateFunction() API in CLASSIC mode
        but does in HOTSWAP_ONLY mode" name="&quot;fall-back&quot; mode when it receives a change that is not a mapping template difference in a Function, it does not call the updateFunction() API in CLASSIC mode
        but does in HOTSWAP_ONLY mode" time="0.489">
    </testcase>
    <testcase classname="&quot;fall-back&quot; mode calls the updateApiKey() API when it receives only a expires property difference in an AppSync ApiKey" name="&quot;fall-back&quot; mode calls the updateApiKey() API when it receives only a expires property difference in an AppSync ApiKey" time="0.02">
    </testcase>
    <testcase classname="&quot;fall-back&quot; mode calls the startSchemaCreation() and throws if schema creation fails" name="&quot;fall-back&quot; mode calls the startSchemaCreation() and throws if schema creation fails" time="1.04">
    </testcase>
    <testcase classname="&quot;fall-back&quot; mode when it receives a change that is not a mapping template difference in a Resolver, it does not call the updateResolver() API in CLASSIC mode
        but does call the updateResolver() API in HOTSWAP_ONLY mode" name="&quot;fall-back&quot; mode when it receives a change that is not a mapping template difference in a Resolver, it does not call the updateResolver() API in CLASSIC mode
        but does call the updateResolver() API in HOTSWAP_ONLY mode" time="0.017">
    </testcase>
    <testcase classname="&quot;fall-back&quot; mode calls the updateFunction() API with runtime when it receives both function version and runtime with code in a Function" name="&quot;fall-back&quot; mode calls the updateFunction() API with runtime when it receives both function version and runtime with code in a Function" time="0.015">
    </testcase>
    <testcase classname="&quot;fall-back&quot; mode does not call the updateResolver() API when a resource with type that is not AWS::AppSync::Resolver but has the same properties is changed" name="&quot;fall-back&quot; mode does not call the updateResolver() API when a resource with type that is not AWS::AppSync::Resolver but has the same properties is changed" time="0.012">
    </testcase>
    <testcase classname="&quot;fall-back&quot; mode calls the updateResolver() API when it receives only a mapping template difference s3 location in a Unit Resolver" name="&quot;fall-back&quot; mode calls the updateResolver() API when it receives only a mapping template difference s3 location in a Unit Resolver" time="0.019">
    </testcase>
    <testcase classname="&quot;fall-back&quot; mode A new Resolver being added to the Stack returns undefined in CLASSIC mode and
        returns a noOp in HOTSWAP_ONLY mode" name="&quot;fall-back&quot; mode A new Resolver being added to the Stack returns undefined in CLASSIC mode and
        returns a noOp in HOTSWAP_ONLY mode" time="0.013">
    </testcase>
    <testcase classname="&quot;fall-back&quot; mode calls the updateFunction() API with functionId when function is listed on second page" name="&quot;fall-back&quot; mode calls the updateFunction() API with functionId when function is listed on second page" time="0.017">
    </testcase>
    <testcase classname="&quot;fall-back&quot; mode calls the updateResolver() API when it receives only a mapping template difference in a Unit Resolver" name="&quot;fall-back&quot; mode calls the updateResolver() API when it receives only a mapping template difference in a Unit Resolver" time="0.021">
    </testcase>
    <testcase classname="&quot;fall-back&quot; mode calls the updateResolver() API when it receives only a mapping template difference in a Pipeline Resolver" name="&quot;fall-back&quot; mode calls the updateResolver() API when it receives only a mapping template difference in a Pipeline Resolver" time="0.016">
    </testcase>
    <testcase classname="&quot;fall-back&quot; mode calls the startSchemaCreation() API when it receives only a definition s3 location difference in a graphql schema" name="&quot;fall-back&quot; mode calls the startSchemaCreation() API when it receives only a definition s3 location difference in a graphql schema" time="0.016">
    </testcase>
    <testcase classname="&quot;fall-back&quot; mode calls the startSchemaCreation() API when it receives only a definition difference in a graphql schema" name="&quot;fall-back&quot; mode calls the startSchemaCreation() API when it receives only a definition difference in a graphql schema" time="0.021">
    </testcase>
    <testcase classname="&quot;fall-back&quot; mode updateFunction() API fails if it recieves 7 failed attempts in a row" name="&quot;fall-back&quot; mode updateFunction() API fails if it recieves 7 failed attempts in a row" time="0.07">
    </testcase>
    <testcase classname="&quot;fall-back&quot; mode calls the startSchemaCreation() and waits for schema creation to stabilize before finishing" name="&quot;fall-back&quot; mode calls the startSchemaCreation() and waits for schema creation to stabilize before finishing" time="1.019">
    </testcase>
    <testcase classname="&quot;fall-back&quot; mode calls the updateFunction() API when it receives only a mapping template s3 location difference in a Function" name="&quot;fall-back&quot; mode calls the updateFunction() API when it receives only a mapping template s3 location difference in a Function" time="0.009">
    </testcase>
    <testcase classname="&quot;fall-back&quot; mode updateFunction() API recovers from failed update attempt through retry logic" name="&quot;fall-back&quot; mode updateFunction() API recovers from failed update attempt through retry logic" time="1.011">
    </testcase>
    <testcase classname="&quot;fall-back&quot; mode calls the updateFunction() API with function version when it receives both function version and runtime with a mapping template in a Function" name="&quot;fall-back&quot; mode calls the updateFunction() API with function version when it receives both function version and runtime with a mapping template in a Function" time="0.011">
    </testcase>
    <testcase classname="&quot;fall-back&quot; mode does not call the updateFunction() API when a resource with type that is not AWS::AppSync::FunctionConfiguration but has the same properties is changed" name="&quot;fall-back&quot; mode does not call the updateFunction() API when a resource with type that is not AWS::AppSync::FunctionConfiguration but has the same properties is changed" time="0.009">
    </testcase>
    <testcase classname="&quot;fall-back&quot; mode calls the updateResolver() API when it receives only a code difference in a Pipeline Resolver" name="&quot;fall-back&quot; mode calls the updateResolver() API when it receives only a code difference in a Pipeline Resolver" time="0.01">
    </testcase>
    <testcase classname="&quot;fall-back&quot; mode calls the updateResolver() API when it receives only a code s3 location in a Pipeline Resolver" name="&quot;fall-back&quot; mode calls the updateResolver() API when it receives only a code s3 location in a Pipeline Resolver" time="0.009">
    </testcase>
    <testcase classname="&quot;fall-back&quot; mode calls the updateApiKey() API when it receives only a expires property difference and no api-key-id in an AppSync ApiKey" name="&quot;fall-back&quot; mode calls the updateApiKey() API when it receives only a expires property difference and no api-key-id in an AppSync ApiKey" time="0.008">
    </testcase>
    <testcase classname="&quot;fall-back&quot; mode does not call startSchemaCreation() API when a resource with type that is not AWS::AppSync::GraphQLSchema but has the same properties is change" name="&quot;fall-back&quot; mode does not call startSchemaCreation() API when a resource with type that is not AWS::AppSync::GraphQLSchema but has the same properties is change" time="0.009">
    </testcase>
    <testcase classname="&quot;fall-back&quot; mode calls the updateFunction() API when it receives only a mapping template difference in a Function" name="&quot;fall-back&quot; mode calls the updateFunction() API when it receives only a mapping template difference in a Function" time="0.01">
    </testcase>
    <testcase classname="&quot;fall-back&quot; mode calls the startSchemaCreation() API when it receives only a definition difference in a graphql schema" name="&quot;fall-back&quot; mode calls the startSchemaCreation() API when it receives only a definition difference in a graphql schema" time="0.008">
    </testcase>
    <testcase classname="&quot;hotswap-only&quot; mode calls the updateResolver() API when it receives only a mapping template difference in a Unit Resolver" name="&quot;hotswap-only&quot; mode calls the updateResolver() API when it receives only a mapping template difference in a Unit Resolver" time="0.009">
    </testcase>
    <testcase classname="&quot;hotswap-only&quot; mode updateFunction() API fails if it recieves 7 failed attempts in a row" name="&quot;hotswap-only&quot; mode updateFunction() API fails if it recieves 7 failed attempts in a row" time="0.019">
    </testcase>
    <testcase classname="&quot;hotswap-only&quot; mode calls the updateFunction() API with function version when it receives both function version and runtime with a mapping template in a Function" name="&quot;hotswap-only&quot; mode calls the updateFunction() API with function version when it receives both function version and runtime with a mapping template in a Function" time="0.009">
    </testcase>
    <testcase classname="&quot;hotswap-only&quot; mode does not call the updateFunction() API when a resource with type that is not AWS::AppSync::FunctionConfiguration but has the same properties is changed" name="&quot;hotswap-only&quot; mode does not call the updateFunction() API when a resource with type that is not AWS::AppSync::FunctionConfiguration but has the same properties is changed" time="0.006">
    </testcase>
    <testcase classname="&quot;hotswap-only&quot; mode calls the updateFunction() API with functionId when function is listed on second page" name="&quot;hotswap-only&quot; mode calls the updateFunction() API with functionId when function is listed on second page" time="0.008">
    </testcase>
    <testcase classname="&quot;hotswap-only&quot; mode calls the updateResolver() API when it receives only a code s3 location in a Pipeline Resolver" name="&quot;hotswap-only&quot; mode calls the updateResolver() API when it receives only a code s3 location in a Pipeline Resolver" time="0.009">
    </testcase>
    <testcase classname="&quot;hotswap-only&quot; mode calls the updateFunction() API when it receives only a mapping template s3 location difference in a Function" name="&quot;hotswap-only&quot; mode calls the updateFunction() API when it receives only a mapping template s3 location difference in a Function" time="0.01">
    </testcase>
    <testcase classname="&quot;hotswap-only&quot; mode calls the startSchemaCreation() API when it receives only a definition difference in a graphql schema" name="&quot;hotswap-only&quot; mode calls the startSchemaCreation() API when it receives only a definition difference in a graphql schema" time="0.009">
    </testcase>
    <testcase classname="&quot;hotswap-only&quot; mode calls the startSchemaCreation() and throws if schema creation fails" name="&quot;hotswap-only&quot; mode calls the startSchemaCreation() and throws if schema creation fails" time="1.01">
    </testcase>
    <testcase classname="&quot;hotswap-only&quot; mode does not call startSchemaCreation() API when a resource with type that is not AWS::AppSync::GraphQLSchema but has the same properties is change" name="&quot;hotswap-only&quot; mode does not call startSchemaCreation() API when a resource with type that is not AWS::AppSync::GraphQLSchema but has the same properties is change" time="0.011">
    </testcase>
    <testcase classname="&quot;hotswap-only&quot; mode when it receives a change that is not a mapping template difference in a Resolver, it does not call the updateResolver() API in CLASSIC mode
        but does call the updateResolver() API in HOTSWAP_ONLY mode" name="&quot;hotswap-only&quot; mode when it receives a change that is not a mapping template difference in a Resolver, it does not call the updateResolver() API in CLASSIC mode
        but does call the updateResolver() API in HOTSWAP_ONLY mode" time="0.007">
    </testcase>
    <testcase classname="&quot;hotswap-only&quot; mode calls the updateFunction() API with runtime when it receives both function version and runtime with code in a Function" name="&quot;hotswap-only&quot; mode calls the updateFunction() API with runtime when it receives both function version and runtime with code in a Function" time="0.007">
    </testcase>
    <testcase classname="&quot;hotswap-only&quot; mode calls the updateResolver() API when it receives only a code difference in a Pipeline Resolver" name="&quot;hotswap-only&quot; mode calls the updateResolver() API when it receives only a code difference in a Pipeline Resolver" time="0.017">
    </testcase>
    <testcase classname="&quot;hotswap-only&quot; mode does not call the updateResolver() API when a resource with type that is not AWS::AppSync::Resolver but has the same properties is changed" name="&quot;hotswap-only&quot; mode does not call the updateResolver() API when a resource with type that is not AWS::AppSync::Resolver but has the same properties is changed" time="0.011">
    </testcase>
    <testcase classname="&quot;hotswap-only&quot; mode A new Resolver being added to the Stack returns undefined in CLASSIC mode and
        returns a noOp in HOTSWAP_ONLY mode" name="&quot;hotswap-only&quot; mode A new Resolver being added to the Stack returns undefined in CLASSIC mode and
        returns a noOp in HOTSWAP_ONLY mode" time="0.009">
    </testcase>
    <testcase classname="&quot;hotswap-only&quot; mode calls the startSchemaCreation() and waits for schema creation to stabilize before finishing" name="&quot;hotswap-only&quot; mode calls the startSchemaCreation() and waits for schema creation to stabilize before finishing" time="1.012">
    </testcase>
    <testcase classname="&quot;hotswap-only&quot; mode when it receives a change that is not a mapping template difference in a Function, it does not call the updateFunction() API in CLASSIC mode
        but does in HOTSWAP_ONLY mode" name="&quot;hotswap-only&quot; mode when it receives a change that is not a mapping template difference in a Function, it does not call the updateFunction() API in CLASSIC mode
        but does in HOTSWAP_ONLY mode" time="0.01">
    </testcase>
    <testcase classname="&quot;hotswap-only&quot; mode updateFunction() API recovers from failed update attempt through retry logic" name="&quot;hotswap-only&quot; mode updateFunction() API recovers from failed update attempt through retry logic" time="1.014">
    </testcase>
    <testcase classname="&quot;hotswap-only&quot; mode calls the updateResolver() API when it receives only a mapping template difference s3 location in a Unit Resolver" name="&quot;hotswap-only&quot; mode calls the updateResolver() API when it receives only a mapping template difference s3 location in a Unit Resolver" time="0.016">
    </testcase>
    <testcase classname="&quot;hotswap-only&quot; mode calls the startSchemaCreation() API when it receives only a definition difference in a graphql schema" name="&quot;hotswap-only&quot; mode calls the startSchemaCreation() API when it receives only a definition difference in a graphql schema" time="0.01">
    </testcase>
    <testcase classname="&quot;hotswap-only&quot; mode calls the updateApiKey() API when it receives only a expires property difference in an AppSync ApiKey" name="&quot;hotswap-only&quot; mode calls the updateApiKey() API when it receives only a expires property difference in an AppSync ApiKey" time="0.008">
    </testcase>
    <testcase classname="&quot;hotswap-only&quot; mode calls the startSchemaCreation() API when it receives only a definition s3 location difference in a graphql schema" name="&quot;hotswap-only&quot; mode calls the startSchemaCreation() API when it receives only a definition s3 location difference in a graphql schema" time="0.014">
    </testcase>
    <testcase classname="&quot;hotswap-only&quot; mode calls the updateApiKey() API when it receives only a expires property difference and no api-key-id in an AppSync ApiKey" name="&quot;hotswap-only&quot; mode calls the updateApiKey() API when it receives only a expires property difference and no api-key-id in an AppSync ApiKey" time="0.014">
    </testcase>
    <testcase classname="&quot;hotswap-only&quot; mode calls the updateFunction() API when it receives only a mapping template difference in a Function" name="&quot;hotswap-only&quot; mode calls the updateFunction() API when it receives only a mapping template difference in a Function" time="0.012">
    </testcase>
    <testcase classname="&quot;hotswap-only&quot; mode calls the updateResolver() API when it receives only a mapping template difference in a Pipeline Resolver" name="&quot;hotswap-only&quot; mode calls the updateResolver() API when it receives only a mapping template difference in a Pipeline Resolver" time="0.011">
    </testcase>
  </testsuite>
  <testsuite name="&quot;fall-back&quot; mode" errors="0" failures="0" skipped="0" timestamp="2025-02-18T18:40:53" time="2.355" tests="26">
    <testcase classname="&quot;fall-back&quot; mode can hotswap a lambda function in a 1-level nested stack with asset parameters" name="&quot;fall-back&quot; mode can hotswap a lambda function in a 1-level nested stack with asset parameters" time="0.556">
    </testcase>
    <testcase classname="&quot;fall-back&quot; mode can hotswap a lambda function in a 2-level nested stack with asset parameters" name="&quot;fall-back&quot; mode can hotswap a lambda function in a 2-level nested stack with asset parameters" time="0.04">
    </testcase>
    <testcase classname="&quot;fall-back&quot; mode can hotswap a lambda function in a 2-level nested stack with dependency on an output of 2nd level sibling stack" name="&quot;fall-back&quot; mode can hotswap a lambda function in a 2-level nested stack with dependency on an output of 2nd level sibling stack" time="0.075">
    </testcase>
    <testcase classname="&quot;fall-back&quot; mode can hotswap a lambda function in a 1-level nested stack and read default parameters value if not provided" name="&quot;fall-back&quot; mode can hotswap a lambda function in a 1-level nested stack and read default parameters value if not provided" time="0.03">
    </testcase>
    <testcase classname="&quot;fall-back&quot; mode deleting a nested stack results in a full deployment in CLASSIC mode, even if their parent contains a hotswappable change,
        but results in a hotswap deployment in HOTSWAP_ONLY mode" name="&quot;fall-back&quot; mode deleting a nested stack results in a full deployment in CLASSIC mode, even if their parent contains a hotswappable change,
        but results in a hotswap deployment in HOTSWAP_ONLY mode" time="0.03">
    </testcase>
    <testcase classname="&quot;fall-back&quot; mode hotswappable changes do not override hotswappable changes in their ancestors" name="&quot;fall-back&quot; mode hotswappable changes do not override hotswappable changes in their ancestors" time="0.033">
    </testcase>
    <testcase classname="&quot;fall-back&quot; mode can hotswap a lambda function in a 1-level nested stack" name="&quot;fall-back&quot; mode can hotswap a lambda function in a 1-level nested stack" time="0.046">
    </testcase>
    <testcase classname="&quot;fall-back&quot; mode looking up objects in nested stacks works" name="&quot;fall-back&quot; mode looking up objects in nested stacks works" time="0.067">
    </testcase>
    <testcase classname="&quot;fall-back&quot; mode multi-sibling + 3-layer nested stack structure is hotswappable" name="&quot;fall-back&quot; mode multi-sibling + 3-layer nested stack structure is hotswappable" time="0.055">
    </testcase>
    <testcase classname="&quot;fall-back&quot; mode creating a nested stack results in a full deployment in CLASSIC mode, even if their parent contains a hotswappable change,
        but results in a hotswap deployment in HOTSWAP_ONLY mode" name="&quot;fall-back&quot; mode creating a nested stack results in a full deployment in CLASSIC mode, even if their parent contains a hotswappable change,
        but results in a hotswap deployment in HOTSWAP_ONLY mode" time="0.062">
    </testcase>
    <testcase classname="&quot;fall-back&quot; mode attempting to hotswap a newly created nested stack with the same logical ID as a resource with a different type results in a full deployment in CLASSIC mode
        and a hotswap deployment in HOTSWAP_ONLY mode" name="&quot;fall-back&quot; mode attempting to hotswap a newly created nested stack with the same logical ID as a resource with a different type results in a full deployment in CLASSIC mode
        and a hotswap deployment in HOTSWAP_ONLY mode" time="0.013">
    </testcase>
    <testcase classname="&quot;fall-back&quot; mode hotswappable changes in nested stacks do not override hotswappable changes in their parent stack" name="&quot;fall-back&quot; mode hotswappable changes in nested stacks do not override hotswappable changes in their parent stack" time="0.019">
    </testcase>
    <testcase classname="&quot;fall-back&quot; mode non-hotswappable changes in nested stacks result in a full deployment, even if their parent contains a hotswappable change in CLASSIC mode,
        but perform a hotswap deployment in HOTSWAP_ONLY" name="&quot;fall-back&quot; mode non-hotswappable changes in nested stacks result in a full deployment, even if their parent contains a hotswappable change in CLASSIC mode,
        but perform a hotswap deployment in HOTSWAP_ONLY" time="0.016">
    </testcase>
    <testcase classname="&quot;hotswap-only&quot; mode can hotswap a lambda function in a 2-level nested stack with asset parameters" name="&quot;hotswap-only&quot; mode can hotswap a lambda function in a 2-level nested stack with asset parameters" time="0.021">
    </testcase>
    <testcase classname="&quot;hotswap-only&quot; mode looking up objects in nested stacks works" name="&quot;hotswap-only&quot; mode looking up objects in nested stacks works" time="0.021">
    </testcase>
    <testcase classname="&quot;hotswap-only&quot; mode deleting a nested stack results in a full deployment in CLASSIC mode, even if their parent contains a hotswappable change,
        but results in a hotswap deployment in HOTSWAP_ONLY mode" name="&quot;hotswap-only&quot; mode deleting a nested stack results in a full deployment in CLASSIC mode, even if their parent contains a hotswappable change,
        but results in a hotswap deployment in HOTSWAP_ONLY mode" time="0.015">
    </testcase>
    <testcase classname="&quot;hotswap-only&quot; mode can hotswap a lambda function in a 1-level nested stack" name="&quot;hotswap-only&quot; mode can hotswap a lambda function in a 1-level nested stack" time="0.015">
    </testcase>
    <testcase classname="&quot;hotswap-only&quot; mode can hotswap a lambda function in a 1-level nested stack with asset parameters" name="&quot;hotswap-only&quot; mode can hotswap a lambda function in a 1-level nested stack with asset parameters" time="0.018">
    </testcase>
    <testcase classname="&quot;hotswap-only&quot; mode non-hotswappable changes in nested stacks result in a full deployment, even if their parent contains a hotswappable change in CLASSIC mode,
        but perform a hotswap deployment in HOTSWAP_ONLY" name="&quot;hotswap-only&quot; mode non-hotswappable changes in nested stacks result in a full deployment, even if their parent contains a hotswappable change in CLASSIC mode,
        but perform a hotswap deployment in HOTSWAP_ONLY" time="0.02">
    </testcase>
    <testcase classname="&quot;hotswap-only&quot; mode creating a nested stack results in a full deployment in CLASSIC mode, even if their parent contains a hotswappable change,
        but results in a hotswap deployment in HOTSWAP_ONLY mode" name="&quot;hotswap-only&quot; mode creating a nested stack results in a full deployment in CLASSIC mode, even if their parent contains a hotswappable change,
        but results in a hotswap deployment in HOTSWAP_ONLY mode" time="0.023">
    </testcase>
    <testcase classname="&quot;hotswap-only&quot; mode attempting to hotswap a newly created nested stack with the same logical ID as a resource with a different type results in a full deployment in CLASSIC mode
        and a hotswap deployment in HOTSWAP_ONLY mode" name="&quot;hotswap-only&quot; mode attempting to hotswap a newly created nested stack with the same logical ID as a resource with a different type results in a full deployment in CLASSIC mode
        and a hotswap deployment in HOTSWAP_ONLY mode" time="0.022">
    </testcase>
    <testcase classname="&quot;hotswap-only&quot; mode can hotswap a lambda function in a 2-level nested stack with dependency on an output of 2nd level sibling stack" name="&quot;hotswap-only&quot; mode can hotswap a lambda function in a 2-level nested stack with dependency on an output of 2nd level sibling stack" time="0.026">
    </testcase>
    <testcase classname="&quot;hotswap-only&quot; mode hotswappable changes in nested stacks do not override hotswappable changes in their parent stack" name="&quot;hotswap-only&quot; mode hotswappable changes in nested stacks do not override hotswappable changes in their parent stack" time="0.024">
    </testcase>
    <testcase classname="&quot;hotswap-only&quot; mode hotswappable changes do not override hotswappable changes in their ancestors" name="&quot;hotswap-only&quot; mode hotswappable changes do not override hotswappable changes in their ancestors" time="0.038">
    </testcase>
    <testcase classname="&quot;hotswap-only&quot; mode can hotswap a lambda function in a 1-level nested stack and read default parameters value if not provided" name="&quot;hotswap-only&quot; mode can hotswap a lambda function in a 1-level nested stack and read default parameters value if not provided" time="0.014">
    </testcase>
    <testcase classname="&quot;hotswap-only&quot; mode multi-sibling + 3-layer nested stack structure is hotswappable" name="&quot;hotswap-only&quot; mode multi-sibling + 3-layer nested stack structure is hotswappable" time="0.032">
    </testcase>
  </testsuite>
  <testsuite name="&quot;fall-back&quot; mode" errors="0" failures="0" skipped="0" timestamp="2025-02-18T18:40:54" time="2.486" tests="36">
    <testcase classname="&quot;fall-back&quot; mode calls waiter after function code is updated and VpcId is empty string with delay 1" name="&quot;fall-back&quot; mode calls waiter after function code is updated and VpcId is empty string with delay 1" time="0.566">
    </testcase>
    <testcase classname="&quot;fall-back&quot; mode calls both updateLambdaCode() and updateLambdaConfiguration() API when it receives both code and configuration change" name="&quot;fall-back&quot; mode calls both updateLambdaCode() and updateLambdaConfiguration() API when it receives both code and configuration change" time="0.011">
    </testcase>
    <testcase classname="&quot;fall-back&quot; mode correctly evaluates the function&apos;s name when it references a different resource from the template" name="&quot;fall-back&quot; mode correctly evaluates the function&apos;s name when it references a different resource from the template" time="0.012">
    </testcase>
    <testcase classname="&quot;fall-back&quot; mode calls the updateLambdaCode() API when it receives only a code difference in a Lambda function" name="&quot;fall-back&quot; mode calls the updateLambdaCode() API when it receives only a code difference in a Lambda function" time="0.017">
    </testcase>
    <testcase classname="&quot;fall-back&quot; mode S3ObjectVersion is hotswappable" name="&quot;fall-back&quot; mode S3ObjectVersion is hotswappable" time="0.014">
    </testcase>
    <testcase classname="&quot;fall-back&quot; mode calls the updateLambdaConfiguration() API when it receives difference in Environment field of a Lambda function" name="&quot;fall-back&quot; mode calls the updateLambdaConfiguration() API when it receives difference in Environment field of a Lambda function" time="0.013">
    </testcase>
    <testcase classname="&quot;fall-back&quot; mode will not perform a hotswap deployment if it cannot find a Ref target (outside the function&apos;s name)" name="&quot;fall-back&quot; mode will not perform a hotswap deployment if it cannot find a Ref target (outside the function&apos;s name)" time="0.053">
    </testcase>
    <testcase classname="&quot;fall-back&quot; mode does not call the updateLambdaCode() API when a resource with type that is not AWS::Lambda::Function but has the same properties is changed" name="&quot;fall-back&quot; mode does not call the updateLambdaCode() API when a resource with type that is not AWS::Lambda::Function but has the same properties is changed" time="0.038">
    </testcase>
    <testcase classname="&quot;fall-back&quot; mode calls getFunction() after function code is updated on a VPC function with delay 5" name="&quot;fall-back&quot; mode calls getFunction() after function code is updated on a VPC function with delay 5" time="0.012">
    </testcase>
    <testcase classname="&quot;fall-back&quot; mode calls the updateLambdaConfiguration() API when it receives difference in Description field of a Lambda function" name="&quot;fall-back&quot; mode calls the updateLambdaConfiguration() API when it receives difference in Description field of a Lambda function" time="0.013">
    </testcase>
    <testcase classname="&quot;fall-back&quot; mode does not call the updateLambdaCode() API when it receives a change that is not a code difference in a Lambda function" name="&quot;fall-back&quot; mode does not call the updateLambdaCode() API when it receives a change that is not a code difference in a Lambda function" time="0.016">
    </testcase>
    <testcase classname="&quot;fall-back&quot; mode when it receives a non-hotswappable change that includes a code difference in a Lambda function, it does not call the updateLambdaCode()
        API in CLASSIC mode but does in HOTSWAP_ONLY mode" name="&quot;fall-back&quot; mode when it receives a non-hotswappable change that includes a code difference in a Lambda function, it does not call the updateLambdaCode()
        API in CLASSIC mode but does in HOTSWAP_ONLY mode" time="0.01">
    </testcase>
    <testcase classname="&quot;fall-back&quot; mode calls waiter after function code is updated with delay 1" name="&quot;fall-back&quot; mode calls waiter after function code is updated with delay 1" time="0.01">
    </testcase>
    <testcase classname="&quot;fall-back&quot; mode Lambda hotswap works properly with changes of environment variables and description with tokens" name="&quot;fall-back&quot; mode Lambda hotswap works properly with changes of environment variables and description with tokens" time="0.015">
    </testcase>
    <testcase classname="&quot;fall-back&quot; mode calls the updateLambdaCode() API when it receives a code difference in a Lambda function with no name" name="&quot;fall-back&quot; mode calls the updateLambdaCode() API when it receives a code difference in a Lambda function with no name" time="0.014">
    </testcase>
    <testcase classname="&quot;fall-back&quot; mode correctly falls back to taking the function&apos;s name from the current stack if it can&apos;t evaluate it in the template" name="&quot;fall-back&quot; mode correctly falls back to taking the function&apos;s name from the current stack if it can&apos;t evaluate it in the template" time="0.014">
    </testcase>
    <testcase classname="&quot;fall-back&quot; mode returns undefined when a new Lambda function is added to the Stack" name="&quot;fall-back&quot; mode returns undefined when a new Lambda function is added to the Stack" time="0.045">
    </testcase>
    <testcase classname="&quot;fall-back&quot; mode will not perform a hotswap deployment if it doesn&apos;t know how to handle a specific attribute (outside the function&apos;s name)" name="&quot;fall-back&quot; mode will not perform a hotswap deployment if it doesn&apos;t know how to handle a specific attribute (outside the function&apos;s name)" time="0.013">
    </testcase>
    <testcase classname="&quot;hotswap-only&quot; mode calls waiter after function code is updated with delay 1" name="&quot;hotswap-only&quot; mode calls waiter after function code is updated with delay 1" time="0.016">
    </testcase>
    <testcase classname="&quot;hotswap-only&quot; mode when it receives a non-hotswappable change that includes a code difference in a Lambda function, it does not call the updateLambdaCode()
        API in CLASSIC mode but does in HOTSWAP_ONLY mode" name="&quot;hotswap-only&quot; mode when it receives a non-hotswappable change that includes a code difference in a Lambda function, it does not call the updateLambdaCode()
        API in CLASSIC mode but does in HOTSWAP_ONLY mode" time="0.013">
    </testcase>
    <testcase classname="&quot;hotswap-only&quot; mode calls the updateLambdaCode() API when it receives only a code difference in a Lambda function" name="&quot;hotswap-only&quot; mode calls the updateLambdaCode() API when it receives only a code difference in a Lambda function" time="0.014">
    </testcase>
    <testcase classname="&quot;hotswap-only&quot; mode calls the updateLambdaConfiguration() API when it receives difference in Environment field of a Lambda function" name="&quot;hotswap-only&quot; mode calls the updateLambdaConfiguration() API when it receives difference in Environment field of a Lambda function" time="0.01">
    </testcase>
    <testcase classname="&quot;hotswap-only&quot; mode calls the updateLambdaCode() API when it receives a code difference in a Lambda function with no name" name="&quot;hotswap-only&quot; mode calls the updateLambdaCode() API when it receives a code difference in a Lambda function with no name" time="0.015">
    </testcase>
    <testcase classname="&quot;hotswap-only&quot; mode will not perform a hotswap deployment if it doesn&apos;t know how to handle a specific attribute (outside the function&apos;s name)" name="&quot;hotswap-only&quot; mode will not perform a hotswap deployment if it doesn&apos;t know how to handle a specific attribute (outside the function&apos;s name)" time="0.013">
    </testcase>
    <testcase classname="&quot;hotswap-only&quot; mode calls both updateLambdaCode() and updateLambdaConfiguration() API when it receives both code and configuration change" name="&quot;hotswap-only&quot; mode calls both updateLambdaCode() and updateLambdaConfiguration() API when it receives both code and configuration change" time="0.013">
    </testcase>
    <testcase classname="&quot;hotswap-only&quot; mode Lambda hotswap works properly with changes of environment variables and description with tokens" name="&quot;hotswap-only&quot; mode Lambda hotswap works properly with changes of environment variables and description with tokens" time="0.012">
    </testcase>
    <testcase classname="&quot;hotswap-only&quot; mode S3ObjectVersion is hotswappable" name="&quot;hotswap-only&quot; mode S3ObjectVersion is hotswappable" time="0.009">
    </testcase>
    <testcase classname="&quot;hotswap-only&quot; mode correctly falls back to taking the function&apos;s name from the current stack if it can&apos;t evaluate it in the template" name="&quot;hotswap-only&quot; mode correctly falls back to taking the function&apos;s name from the current stack if it can&apos;t evaluate it in the template" time="0.014">
    </testcase>
    <testcase classname="&quot;hotswap-only&quot; mode does not call the updateLambdaCode() API when a resource with type that is not AWS::Lambda::Function but has the same properties is changed" name="&quot;hotswap-only&quot; mode does not call the updateLambdaCode() API when a resource with type that is not AWS::Lambda::Function but has the same properties is changed" time="0.02">
    </testcase>
    <testcase classname="&quot;hotswap-only&quot; mode correctly evaluates the function&apos;s name when it references a different resource from the template" name="&quot;hotswap-only&quot; mode correctly evaluates the function&apos;s name when it references a different resource from the template" time="0.097">
    </testcase>
    <testcase classname="&quot;hotswap-only&quot; mode returns undefined when a new Lambda function is added to the Stack" name="&quot;hotswap-only&quot; mode returns undefined when a new Lambda function is added to the Stack" time="0.01">
    </testcase>
    <testcase classname="&quot;hotswap-only&quot; mode will not perform a hotswap deployment if it cannot find a Ref target (outside the function&apos;s name)" name="&quot;hotswap-only&quot; mode will not perform a hotswap deployment if it cannot find a Ref target (outside the function&apos;s name)" time="0.01">
    </testcase>
    <testcase classname="&quot;hotswap-only&quot; mode calls the updateLambdaConfiguration() API when it receives difference in Description field of a Lambda function" name="&quot;hotswap-only&quot; mode calls the updateLambdaConfiguration() API when it receives difference in Description field of a Lambda function" time="0.013">
    </testcase>
    <testcase classname="&quot;hotswap-only&quot; mode calls getFunction() after function code is updated on a VPC function with delay 5" name="&quot;hotswap-only&quot; mode calls getFunction() after function code is updated on a VPC function with delay 5" time="0.019">
    </testcase>
    <testcase classname="&quot;hotswap-only&quot; mode calls waiter after function code is updated and VpcId is empty string with delay 1" name="&quot;hotswap-only&quot; mode calls waiter after function code is updated and VpcId is empty string with delay 1" time="0.016">
    </testcase>
    <testcase classname="&quot;hotswap-only&quot; mode does not call the updateLambdaCode() API when it receives a change that is not a code difference in a Lambda function" name="&quot;hotswap-only&quot; mode does not call the updateLambdaCode() API when it receives a change that is not a code difference in a Lambda function" time="0.012">
    </testcase>
  </testsuite>
  <testsuite name="undefined" errors="0" failures="0" skipped="1" timestamp="2025-02-18T18:40:55" time="2.128" tests="13">
    <testcase classname=" application set in --app as `*.js` always uses handler on windows" name=" application set in --app as `*.js` always uses handler on windows" time="0.022">
    </testcase>
    <testcase classname=" cli throws when manifest version &gt; schema version" name=" cli throws when manifest version &gt; schema version" time="0.463">
    </testcase>
    <testcase classname=" cli does not throw when manifest version = schema version" name=" cli does not throw when manifest version = schema version" time="0.046">
    </testcase>
    <testcase classname=" the application set in --app is executed" name=" the application set in --app is executed" time="0.027">
    </testcase>
    <testcase classname=" the application set in --app is executed with arguments" name=" the application set in --app is executed with arguments" time="0.067">
    </testcase>
    <testcase classname=" cli throws when the `build` script fails" name=" cli throws when the `build` script fails" time="0.017">
    </testcase>
    <testcase classname=" cli releases the outdir lock when execProgram throws" name=" cli releases the outdir lock when execProgram throws" time="0.025">
    </testcase>
[...]
    </testcase>
    <testcase classname="rangeFromSemver bracket valid" name="rangeFromSemver bracket valid" time="0.001">
    </testcase>
  </testsuite>
  <testsuite name="undefined" errors="0" failures="0" skipped="0" timestamp="2025-02-18T18:41:20" time="0.779" tests="4">
    <testcase classname=" can set values in Context object if first is immutable" name=" can set values in Context object if first is immutable" time="0.001">
    </testcase>
    <testcase classname=" can delete values from Context object" name=" can delete values from Context object" time="0">
    </testcase>
    <testcase classname=" can clear all values in all objects" name=" can clear all values in all objects" time="0.001">
    </testcase>
    <testcase classname=" can set values in Context object" name=" can set values in Context object" time="0">
    </testcase>
  </testsuite>
  <testsuite name="Rewritable Block Tests" errors="0" failures="0" skipped="0" timestamp="2025-02-18T18:41:20" time="0.121" tests="5">
    <testcase classname="Rewritable Block Tests display accounts for newlines in output" name="Rewritable Block Tests display accounts for newlines in output" time="0.002">
    </testcase>
    <testcase classname="Rewritable Block Tests removeEmptyLines only removes trailing lines" name="Rewritable Block Tests removeEmptyLines only removes trailing lines" time="0.001">
    </testcase>
    <testcase classname="Rewritable Block Tests displayLines writes maximum lines based on rows if there are more lines than rows" name="Rewritable Block Tests displayLines writes maximum lines based on rows if there are more lines than rows" time="0.001">
    </testcase>
    <testcase classname="Rewritable Block Tests displayLines writes maximum lines based on lines length if rows is undefined" name="Rewritable Block Tests displayLines writes maximum lines based on lines length if rows is undefined" time="0">
    </testcase>
    <testcase classname="Rewritable Block Tests displayLines writes maximum lines based on lines length if there are less lines than rows" name="Rewritable Block Tests displayLines writes maximum lines based on lines length if there are less lines than rows" time="0">
    </testcase>
  </testsuite>
  <testsuite name="toYAML" errors="0" failures="0" skipped="0" timestamp="2025-02-18T18:41:20" time="0.472" tests="3">
    <testcase classname="toYAML does not wrap lines" name="toYAML does not wrap lines" time="0.001">
    </testcase>
    <testcase classname="obscureTemplate removes CheckBootstrapVersion rule only" name="obscureTemplate removes CheckBootstrapVersion rule only" time="0">
    </testcase>
    <testcase classname="obscureTemplate removes all rules when CheckBootstrapVersion is the only rule" name="obscureTemplate removes all rules when CheckBootstrapVersion is the only rule" time="0.001">
    </testcase>
  </testsuite>
  <testsuite name="undefined" errors="0" failures="0" skipped="0" timestamp="2025-02-18T18:41:20" time="0.573" tests="6">
    <testcase classname=" test parsing of falsey CI values: &quot;false&quot; parses as false" name=" test parsing of falsey CI values: &quot;false&quot; parses as false" time="0.002">
    </testcase>
    <testcase classname=" test parsing of falsey CI values: &quot;banana&quot; parses as true" name=" test parsing of falsey CI values: &quot;banana&quot; parses as true" time="0">
    </testcase>
    <testcase classname=" test parsing of falsey CI values: &quot;&quot; parses as true" name=" test parsing of falsey CI values: &quot;&quot; parses as true" time="0.003">
    </testcase>
    <testcase classname=" test parsing of falsey CI values: &quot;1&quot; parses as true" name=" test parsing of falsey CI values: &quot;1&quot; parses as true" time="0">
    </testcase>
    <testcase classname=" test parsing of falsey CI values: &quot;0&quot; parses as false" name=" test parsing of falsey CI values: &quot;0&quot; parses as false" time="0">
    </testcase>
    <testcase classname=" test parsing of falsey CI values: &quot;true&quot; parses as true" name=" test parsing of falsey CI values: &quot;true&quot; parses as true" time="0">
    </testcase>
  </testsuite>
  <testsuite name="undefined" errors="0" failures="0" skipped="0" timestamp="2025-02-18T18:41:20" time="0.607" tests="3">
    <testcase classname=" banner works for formatted msgs" name=" banner works for formatted msgs" time="0.002">
    </testcase>
    <testcase classname=" no banner on empty msg list" name=" no banner on empty msg list" time="0">
    </testcase>
    <testcase classname=" banner works as expected" name=" banner works as expected" time="0">
    </testcase>
  </testsuite>
  <testsuite name="undefined" errors="0" failures="0" skipped="0" timestamp="2025-02-18T18:41:18" time="2.089" tests="2">
    <testcase classname=" calls DescribeImages on the request" name=" calls DescribeImages on the request" time="0.007">
    </testcase>
    <testcase classname=" returns the most recent AMI matching the criteria" name=" returns the most recent AMI matching the criteria" time="0.001">
    </testcase>
  </testsuite>
  <testsuite name="undefined" errors="0" failures="0" skipped="0" timestamp="2025-02-18T18:41:21" time="0.165" tests="3">
    <testcase classname=" partition splits the collection in twain" name=" partition splits the collection in twain" time="0.001">
    </testcase>
    <testcase classname=" flatten combines arrays" name=" flatten combines arrays" time="0">
    </testcase>
    <testcase classname=" flatMap maps and combines" name=" flatMap maps and combines" time="0">
    </testcase>
  </testsuite>
  <testsuite name="undefined" errors="0" failures="0" skipped="0" timestamp="2025-02-18T18:41:20" time="0.565" tests="8">
    <testcase classname=" provider returning expiring credentials must keep returning the same object type" name=" provider returning expiring credentials must keep returning the same object type" time="0.006">
    </testcase>
    <testcase classname=" token expiration is allowed to be null" name=" token expiration is allowed to be null" time="0">
    </testcase>
    <testcase classname=" plugin can return V3 compatible credentials that expire" name=" plugin can return V3 compatible credentials that expire" time="0.001">
    </testcase>
    <testcase classname=" plugin can return V2 compatible credential-provider with initially empty keys" name=" plugin can return V2 compatible credential-provider with initially empty keys" time="0.001">
    </testcase>
    <testcase classname=" plugin can return V2 compatible credential-provider" name=" plugin can return V2 compatible credential-provider" time="0">
    </testcase>
    <testcase classname=" plugin can return V3 compatible credential-provider" name=" plugin can return V3 compatible credential-provider" time="0">
    </testcase>
    <testcase classname=" plugin can return V3 compatible credentials" name=" plugin can return V3 compatible credentials" time="0.001">
    </testcase>
    <testcase classname=" plugin must not return something that is not a credential" name=" plugin must not return something that is not a credential" time="0.004">
    </testcase>
  </testsuite>
  <testsuite name="undefined" errors="0" failures="0" skipped="0" timestamp="2025-02-18T18:41:21" time="0.462" tests="5">
    <testcase classname=" plugin that registers an invalid Context Provider throws" name=" plugin that registers an invalid Context Provider throws" time="0.005">
    </testcase>
    <testcase classname=" load a plugin using the PluginHost" name=" load a plugin using the PluginHost" time="0">
    </testcase>
    <testcase classname=" fail to load a plugin using the PluginHost" name=" fail to load a plugin using the PluginHost" time="0.001">
    </testcase>
    <testcase classname=" plugin that registers a Context Provider" name=" plugin that registers a Context Provider" time="0">
    </testcase>
    <testcase classname=" plugin that registers a Credential Provider" name=" plugin that registers a Credential Provider" time="0">
    </testcase>
  </testsuite>
  <testsuite name="Migrate Function Tests" errors="0" failures="0" skipped="0" timestamp="2025-02-18T18:40:45" time="51.505" tests="32">
    <testcase classname="Migrate Function Tests generateCdkApp generates the expected cdk app when called for python" name="Migrate Function Tests generateCdkApp generates the expected cdk app when called for python" time="4.269">
    </testcase>
    <testcase classname="Migrate Function Tests generateCdkApp generates the expected cdk app when called for csharp" name="Migrate Function Tests generateCdkApp generates the expected cdk app when called for csharp" time="0.647">
    </testcase>
    <testcase classname="Migrate Function Tests parseSourceOptions does not throw when only --from-path is supplied" name="Migrate Function Tests parseSourceOptions does not throw when only --from-path is supplied" time="0.002">
    </testcase>
    <testcase classname="Migrate Function Tests parseSourceOptions does now throw when only --from-stack is provided" name="Migrate Function Tests parseSourceOptions does now throw when only --from-stack is provided" time="0">
    </testcase>
    <testcase classname="Migrate Function Tests generateStack throws error when called for other language" name="Migrate Function Tests generateStack throws error when called for other language" time="0.031">
    </testcase>
    <testcase classname="Migrate Function Tests readFromPath throws error when template file is empty" name="Migrate Function Tests readFromPath throws error when template file is empty" time="0">
    </testcase>
    <testcase classname="Migrate Function Tests generateStack generates the expected stack string when called for python" name="Migrate Function Tests generateStack generates the expected stack string when called for python" time="0.001">
    </testcase>
    <testcase classname="Migrate Function Tests generateStack generates the expected stack string when called for typescript" name="Migrate Function Tests generateStack generates the expected stack string when called for typescript" time="0.002">
    </testcase>
    <testcase classname="Migrate Function Tests setEnvironment sets account and region when provided" name="Migrate Function Tests setEnvironment sets account and region when provided" time="0">
    </testcase>
    <testcase classname="Migrate Function Tests generatedCdkApp generates a zip file when --compress is used" name="Migrate Function Tests generatedCdkApp generates a zip file when --compress is used" time="0.097">
    </testcase>
    <testcase classname="Migrate Function Tests readFromPath throws error when template file does not exist at a given path" name="Migrate Function Tests readFromPath throws error when template file does not exist at a given path" time="0.001">
    </testcase>
    <testcase classname="Migrate Function Tests generatedCdkApp generates the expected cdk app when called for go" name="Migrate Function Tests generatedCdkApp generates the expected cdk app when called for go" time="0.172">
    </testcase>
    <testcase classname="Migrate Function Tests generateCdkApp generates the expected cdk app when called for typescript" name="Migrate Function Tests generateCdkApp generates the expected cdk app when called for typescript" time="21.601">
    </testcase>
    <testcase classname="Migrate Function Tests serEnvironment uses default account and region when not provided" name="Migrate Function Tests serEnvironment uses default account and region when not provided" time="0">
    </testcase>
    <testcase classname="Migrate Function Tests readFromStack throws error when stack exists but the status is not healthy" name="Migrate Function Tests readFromStack throws error when stack exists but the status is not healthy" time="0.009">
    </testcase>
    <testcase classname="Migrate Function Tests readFromPath produces a string representation of the template at a given path" name="Migrate Function Tests readFromPath produces a string representation of the template at a given path" time="0.001">
    </testcase>
    <testcase classname="Migrate Function Tests readFromStack throws error when no stack exists with the stack name in the account and region" name="Migrate Function Tests readFromStack throws error when no stack exists with the stack name in the account and region" time="0.003">
    </testcase>
    <testcase classname="Migrate Function Tests parseSourceOptions throws if both --from-path and --from-stack is provided" name="Migrate Function Tests parseSourceOptions throws if both --from-path and --from-stack is provided" time="0">
    </testcase>
    <testcase classname="Migrate Function Tests generateStack generates the expected stack string when called for go" name="Migrate Function Tests generateStack generates the expected stack string when called for go" time="0.002">
    </testcase>
    <testcase classname="Migrate Function Tests generateStack throws error for invalid resource property" name="Migrate Function Tests generateStack throws error for invalid resource property" time="0.002">
    </testcase>
    <testcase classname="Migrate Function Tests readFromStack produces a string representation of the template retrieved from CloudFormation" name="Migrate Function Tests readFromStack produces a string representation of the template retrieved from CloudFormation" time="0.009">
    </testcase>
    <testcase classname="Migrate Function Tests generateCdkApp generates the expected cdk app when called for java" name="Migrate Function Tests generateCdkApp generates the expected cdk app when called for java" time="11.459">
    </testcase>
    <testcase classname="Migrate Function Tests generateStack generates the expected stack string when called for csharp" name="Migrate Function Tests generateStack generates the expected stack string when called for csharp" time="0.001">
    </testcase>
    <testcase classname="Migrate Function Tests generateStack generates the expected stack string when called for java" name="Migrate Function Tests generateStack generates the expected stack string when called for java" time="0.001">
    </testcase>
    <testcase classname="Migrate Function Tests parseSourceOptions returns from-scan when neither --from-path or --from-stack are provided" name="Migrate Function Tests parseSourceOptions returns from-scan when neither --from-path or --from-stack are provided" time="0">
    </testcase>
    <testcase classname="Migrate Function Tests generateCdkApp adds cdk-migrate key in context" name="Migrate Function Tests generateCdkApp adds cdk-migrate key in context" time="10.654">
    </testcase>
    <testcase classname="generateTemplate generateTemplate throws an error when an invalid key is passed in the filters" name="generateTemplate generateTemplate throws an error when an invalid key is passed in the filters" time="0.01">
    </testcase>
    <testcase classname="generateTemplate generateTemplate successfully defaults to latest scan instead of starting a new one" name="generateTemplate generateTemplate successfully defaults to latest scan instead of starting a new one" time="0.012">
    </testcase>
    <testcase classname="generateTemplate generateTemplate throws an error when from-scan most-recent is passed but no scans are found." name="generateTemplate generateTemplate throws an error when from-scan most-recent is passed but no scans are found." time="0.006">
    </testcase>
    <testcase classname="generateTemplate generateTemplate defaults to starting a new scan when no options are provided and no scans are found" name="generateTemplate generateTemplate defaults to starting a new scan when no options are provided and no scans are found" time="0.009">
    </testcase>
    <testcase classname="generateTemplate generateTemplate successfully generates template with a new scan" name="generateTemplate generateTemplate successfully generates template with a new scan" time="0.008">
    </testcase>
    <testcase classname="generateTemplate generateTemplate successfully generates templates with valid filter options" name="generateTemplate generateTemplate successfully generates templates with valid filter options" time="0.009">
    </testcase>
  </testsuite>
  <testsuite name="expandPlaceholders" errors="0" failures="0" skipped="0" timestamp="2025-02-18T18:40:45" time="55.225" tests="20">
    <testcase classname="expandPlaceholders distinguish library and CLI version" name="expandPlaceholders distinguish library and CLI version" time="0.008">
    </testcase>
    <testcase classname="constructs version --generate-only should skip git init" name="constructs version --generate-only should skip git init" time="0.041">
    </testcase>
    <testcase classname="constructs version CLI uses recommended feature flags from data file to initialize context" name="constructs version CLI uses recommended feature flags from data file to initialize context" time="0.08">
    </testcase>
    <testcase classname="constructs version create a TypeScript library project" name="constructs version create a TypeScript library project" time="25.873">
    </testcase>
    <testcase classname="constructs version create a Java app project" name="constructs version create a Java app project" time="0.115">
    </testcase>
    <testcase classname="constructs version create a .NET app project in csharp" name="constructs version create a .NET app project in csharp" time="2.122">
    </testcase>
    <testcase classname="constructs version create a .NET app project in fsharp" name="constructs version create a .NET app project in fsharp" time="1.573">
    </testcase>
    <testcase classname="constructs version asking for a nonexistent template fails" name="constructs version asking for a nonexistent template fails" time="0.045">
    </testcase>
    <testcase classname="constructs version csharp app with spaces" name="constructs version csharp app with spaces" time="1.644">
    </testcase>
    <testcase classname="constructs version verify &quot;future flags&quot; are added to cdk.json" name="constructs version verify &quot;future flags&quot; are added to cdk.json" time="4.383">
    </testcase>
    <testcase classname="constructs version create a Python app project" name="constructs version create a Python app project" time="0.027">
    </testcase>
    <testcase classname="constructs version create a TypeScript app project" name="constructs version create a TypeScript app project" time="9.329">
    </testcase>
    <testcase classname="constructs version fsharp app with spaces" name="constructs version fsharp app with spaces" time="0.59">
    </testcase>
    <testcase classname="constructs version CLI uses init versions file to initialize template" name="constructs version CLI uses init versions file to initialize template" time="0.035">
    </testcase>
    <testcase classname="constructs version git directory does not throw off the initer!" name="constructs version git directory does not throw off the initer!" time="0.025">
    </testcase>
    <testcase classname="constructs version create a JavaScript app project" name="constructs version create a JavaScript app project" time="8.624">
    </testcase>
    <testcase classname="constructs version asking for a template but no language prints and throws" name="constructs version asking for a template but no language prints and throws" time="0.002">
    </testcase>
    <testcase classname=" when no version number is present (e.g., local development), the v2 templates are chosen by default" name=" when no version number is present (e.g., local development), the v2 templates are chosen by default" time="0.001">
    </testcase>
    <testcase classname=" exercise printing available templates" name=" exercise printing available templates" time="0.001">
    </testcase>
    <testcase classname=" check available init languages" name=" check available init languages" time="0.001">
    </testcase>
  </testsuite>
</testsuites>